<?xml version="1.0" encoding="UTF-8"?>
<!-- Generated by org.testng.reporters.JUnitReportReporter -->
<testsuite hostname="Andrew-Laptop" name="com.bss.calc.CalcAPITestNGtest" tests="5" failures="0" timestamp="16 Jul 2014 01:40:26 GMT" time="0.039" errors="0">
  <testcase name="testMult" time="0.001" classname="com.bss.calc.CalcAPITestNGtest"/>
  <testcase name="testAddP" time="0.001" classname="com.bss.calc.CalcAPITestNGtest"/>
  <testcase name="testSub" time="0.001" classname="com.bss.calc.CalcAPITestNGtest"/>
  <testcase name="testAddPN" time="0.001" classname="com.bss.calc.CalcAPITestNGtest"/>
  <testcase name="testAddN" time="0.035" classname="com.bss.calc.CalcAPITestNGtest"/>
</testsuite> <!-- com.bss.calc.CalcAPITestNGtest -->
