<?xml version="1.0" encoding="UTF-8"?>
<!-- Generated by org.testng.reporters.JUnitReportReporter -->
<testsuite hostname="Andrew-Laptop" name="com.bss.calc.ExampleDataProviderTest" tests="4" failures="0" timestamp="3 Jul 2014 02:30:07 GMT" time="0.029" errors="0">
  <testcase name="testAdd" time="0.022" classname="com.bss.calc.ExampleDataProviderTest"/>
  <testcase name="testDP" time="0.002" classname="com.bss.calc.ExampleDataProviderTest"/>
  <testcase name="testDP" time="0.003" classname="com.bss.calc.ExampleDataProviderTest"/>
  <testcase name="testAdd" time="0.002" classname="com.bss.calc.ExampleDataProviderTest"/>
</testsuite> <!-- com.bss.calc.ExampleDataProviderTest -->
